#
# There is insufficient memory for the Java Runtime Environment to continue.
# Native memory allocation (malloc) failed to allocate 32744 bytes for ChunkPool::allocate
# Possible reasons:
#   The system is out of physical RAM or swap space
#   In 32 bit mode, the process size limit was hit
# Possible solutions:
#   Reduce memory load on the system
#   Increase physical memory or swap space
#   Check if swap backing store is full
#   Use 64 bit Java on a 64 bit OS
#   Decrease Java heap size (-Xmx/-Xms)
#   Decrease number of Java threads
#   Decrease Java thread stack sizes (-Xss)
#   Set larger code cache with -XX:ReservedCodeCacheSize=
# This output file may be truncated or incomplete.
#
#  Out of Memory Error (allocation.cpp:273), pid=9600, tid=0x0000000000000d30
#
# JRE version: OpenJDK Runtime Environment (8.0_76-b03) (build 1.8.0_76-release-b03)
# Java VM: OpenJDK 64-Bit Server VM (25.76-b03 mixed mode windows-amd64 compressed oops)
# Failed to write core dump. Minidumps are not enabled by default on client versions of Windows
#

---------------  T H R E A D  ---------------

Current thread (0x0000000015e01000):  JavaThread "C2 CompilerThread1" daemon [_thread_in_native, id=3376, stack(0x0000000017540000,0x0000000017640000)]

Stack: [0x0000000017540000,0x0000000017640000]
[error occurred during error reporting (printing stack bounds), id 0xc0000005]

Native frames: (J=compiled Java code, j=interpreted, Vv=VM code, C=native code)


Current CompileTask:
C2:  17236 4178       4       groovy.lang.MetaClassImpl::checkIfStdMethod (179 bytes)


---------------  P R O C E S S  ---------------

Java Threads: ( => current thread )
  0x00000000194f1000 JavaThread "File lock request listener" [_thread_in_native, id=3640, stack(0x000000001b9a0000,0x000000001baa0000)]
  0x0000000018d60000 JavaThread "Stdin handler" [_thread_blocked, id=5988, stack(0x000000001a2d0000,0x000000001a3d0000)]
  0x0000000018d6d000 JavaThread "Asynchronous log dispatcher for org.gradle.launcher.daemon.server.DefaultDaemonConnection@ee60e05" [_thread_blocked, id=4672, stack(0x000000001a1d0000,0x000000001a2d0000)]
  0x0000000018a80800 JavaThread "Daemon worker" [_thread_in_vm_trans, id=2352, stack(0x000000001a0d0000,0x000000001a1d0000)]
  0x0000000018a7b800 JavaThread "Cancel handler" [_thread_blocked, id=6876, stack(0x0000000019fd0000,0x000000001a0d0000)]
  0x0000000018b96800 JavaThread "Handler for socket connection from /127.0.0.1:61323 to /127.0.0.1:61324" [_thread_in_native, id=7412, stack(0x0000000019ed0000,0x0000000019fd0000)]
  0x0000000018b83000 JavaThread "Daemon" [_thread_blocked, id=7644, stack(0x0000000019dd0000,0x0000000019ed0000)]
  0x0000000018a39000 JavaThread "pool-1-thread-1" [_thread_blocked, id=3684, stack(0x0000000019cd0000,0x0000000019dd0000)]
  0x0000000018a32000 JavaThread "Incoming local TCP Connector on port 61323" [_thread_in_native, id=5512, stack(0x00000000198e0000,0x00000000199e0000)]
  0x000000001775a000 JavaThread "Service Thread" daemon [_thread_blocked, id=4996, stack(0x0000000017b40000,0x0000000017c40000)]
  0x0000000015e24800 JavaThread "C1 CompilerThread2" daemon [_thread_blocked, id=8988, stack(0x0000000017640000,0x0000000017740000)]
=>0x0000000015e01000 JavaThread "C2 CompilerThread1" daemon [_thread_in_native, id=3376, stack(0x0000000017540000,0x0000000017640000)]
  0x0000000015dfb000 JavaThread "C2 CompilerThread0" daemon [_thread_in_native, id=7816, stack(0x0000000017440000,0x0000000017540000)]
  0x0000000015dfa000 JavaThread "Attach Listener" daemon [_thread_blocked, id=10836, stack(0x0000000017340000,0x0000000017440000)]
  0x0000000015df8800 JavaThread "Signal Dispatcher" daemon [_thread_blocked, id=7808, stack(0x0000000017240000,0x0000000017340000)]
  0x000000000248b000 JavaThread "Finalizer" daemon [_thread_blocked, id=8920, stack(0x0000000017060000,0x0000000017160000)]
  0x000000000247f800 JavaThread "Reference Handler" daemon [_thread_blocked, id=4316, stack(0x0000000016f60000,0x0000000017060000)]
  0x0000000002390800 JavaThread "main" [_thread_blocked, id=3884, stack(0x0000000002220000,0x0000000002320000)]

Other Threads:
  0x0000000015dc5800 VMThread [stack: 0x0000000016e60000,0x0000000016f60000] [id=2516]
  0x000000001775c800 WatcherThread [stack: 0x0000000017c40000,0x0000000017d40000] [id=5668]

VM state:not at safepoint (normal execution)

VM Mutex/Monitor currently owned by a thread: None

Heap:
 PSYoungGen      total 137216K, used 50473K [0x00000000e0000000, 0x00000000e9f00000, 0x0000000100000000)
  eden space 125952K, 40% used [0x00000000e0000000,0x00000000e314a6d0,0x00000000e7b00000)
  from space 11264K, 0% used [0x00000000e8600000,0x00000000e8600000,0x00000000e9100000)
  to   space 11264K, 0% used [0x00000000e7b00000,0x00000000e7b00000,0x00000000e8600000)
 ParOldGen       total 51200K, used 14677K [0x00000000a0000000, 0x00000000a3200000, 0x00000000e0000000)
  object space 51200K, 28% used [0x00000000a0000000,0x00000000a0e555a8,0x00000000a3200000)
 Metaspace       used 36407K, capacity 37240K, committed 37424K, reserved 1081344K
  class space    used 4902K, capacity 5141K, committed 5168K, reserved 1048576K

Card table byte_map: [0x0000000011850000,0x0000000011b60000] byte_map_base: 0x0000000011350000

Marking Bits: (ParMarkBitMap*) 0x0000000074bb9d00
 Begin Bits: [0x0000000012160000, 0x0000000013960000)
 End Bits:   [0x0000000013960000, 0x0000000015160000)

Polling page: 0x0000000000a30000

CodeCache: size=245760Kb used=14557Kb max_used=14557Kb free=231202Kb
 bounds [0x0000000002490000, 0x00000000032e0000, 0x0000000011490000]
 total_blobs=4675 nmethods=3999 adapters=589
 compilation: enabled

Compilation events (10 events):
Event: 17.199 Thread 0x0000000015e24800 4227       1       org.codehaus.groovy.runtime.callsite.AbstractCallSite::getName (5 bytes)
Event: 17.200 Thread 0x0000000015e24800 nmethod 4227 0x00000000032cfa90 code [0x00000000032cfbe0, 0x00000000032cfcf0]
Event: 17.200 Thread 0x0000000015e24800 4228       3       groovyjarjarasm.asm.Label::a (214 bytes)
Event: 17.211 Thread 0x0000000015e24800 nmethod 4228 0x00000000032cfd50 code [0x00000000032cfee0, 0x00000000032d03b0]
Event: 17.226 Thread 0x0000000015e24800 4229       3       groovyjarjarasm.asm.Edge::<init> (5 bytes)
Event: 17.227 Thread 0x0000000015e24800 nmethod 4229 0x00000000032d0850 code [0x00000000032d09a0, 0x00000000032d0b50]
Event: 17.227 Thread 0x0000000015e24800 4230       3       groovyjarjarasm.asm.MethodWriter::visitMethodInsn (220 bytes)
Event: 17.228 Thread 0x0000000015e24800 nmethod 4230 0x00000000032d0c10 code [0x00000000032d0e00, 0x00000000032d1488]
Event: 17.228 Thread 0x0000000015e24800 4231       3       groovyjarjarasm.asm.ClassWriter::a (91 bytes)
Event: 17.229 Thread 0x0000000015e24800 nmethod 4231 0x00000000032d1810 code [0x00000000032d1a00, 0x00000000032d2098]

GC Heap History (10 events):
Event: 11.064 GC heap before
{Heap before GC invocations=8 (full 1):
 PSYoungGen      total 74240K, used 65536K [0x00000000e0000000, 0x00000000e5100000, 0x0000000100000000)
  eden space 65536K, 100% used [0x00000000e0000000,0x00000000e4000000,0x00000000e4000000)
  from space 8704K, 0% used [0x00000000e4880000,0x00000000e4880000,0x00000000e5100000)
  to   space 8704K, 0% used [0x00000000e4000000,0x00000000e4000000,0x00000000e4880000)
 ParOldGen       total 38912K, used 8732K [0x00000000a0000000, 0x00000000a2600000, 0x00000000e0000000)
  object space 38912K, 22% used [0x00000000a0000000,0x00000000a0887198,0x00000000a2600000)
 Metaspace       used 25932K, capacity 26484K, committed 26544K, reserved 1073152K
  class space    used 3567K, capacity 3708K, committed 3760K, reserved 1048576K
Event: 11.086 GC heap after
Heap after GC invocations=8 (full 1):
 PSYoungGen      total 74240K, used 7676K [0x00000000e0000000, 0x00000000e7400000, 0x0000000100000000)
  eden space 65536K, 0% used [0x00000000e0000000,0x00000000e0000000,0x00000000e4000000)
  from space 8704K, 88% used [0x00000000e4000000,0x00000000e477f100,0x00000000e4880000)
  to   space 9728K, 0% used [0x00000000e6a80000,0x00000000e6a80000,0x00000000e7400000)
 ParOldGen       total 38912K, used 8732K [0x00000000a0000000, 0x00000000a2600000, 0x00000000e0000000)
  object space 38912K, 22% used [0x00000000a0000000,0x00000000a0887198,0x00000000a2600000)
 Metaspace       used 25932K, capacity 26484K, committed 26544K, reserved 1073152K
  class space    used 3567K, capacity 3708K, committed 3760K, reserved 1048576K
}
Event: 12.921 GC heap before
{Heap before GC invocations=9 (full 1):
 PSYoungGen      total 74240K, used 73212K [0x00000000e0000000, 0x00000000e7400000, 0x0000000100000000)
  eden space 65536K, 100% used [0x00000000e0000000,0x00000000e4000000,0x00000000e4000000)
  from space 8704K, 88% used [0x00000000e4000000,0x00000000e477f100,0x00000000e4880000)
  to   space 9728K, 0% used [0x00000000e6a80000,0x00000000e6a80000,0x00000000e7400000)
 ParOldGen       total 38912K, used 8732K [0x00000000a0000000, 0x00000000a2600000, 0x00000000e0000000)
  object space 38912K, 22% used [0x00000000a0000000,0x00000000a0887198,0x00000000a2600000)
 Metaspace       used 28653K, capacity 29328K, committed 29488K, reserved 1075200K
  class space    used 3918K, capacity 4100K, committed 4144K, reserved 1048576K
Event: 12.942 GC heap after
Heap after GC invocations=9 (full 1):
 PSYoungGen      total 107008K, used 6362K [0x00000000e0000000, 0x00000000e7300000, 0x0000000100000000)
  eden space 98304K, 0% used [0x00000000e0000000,0x00000000e0000000,0x00000000e6000000)
  from space 8704K, 73% used [0x00000000e6a80000,0x00000000e70b6a50,0x00000000e7300000)
  to   space 9728K, 0% used [0x00000000e6000000,0x00000000e6000000,0x00000000e6980000)
 ParOldGen       total 38912K, used 8748K [0x00000000a0000000, 0x00000000a2600000, 0x00000000e0000000)
  object space 38912K, 22% used [0x00000000a0000000,0x00000000a088b1b0,0x00000000a2600000)
 Metaspace       used 28653K, capacity 29328K, committed 29488K, reserved 1075200K
  class space    used 3918K, capacity 4100K, committed 4144K, reserved 1048576K
}
Event: 15.909 GC heap before
{Heap before GC invocations=10 (full 1):
 PSYoungGen      total 107008K, used 104666K [0x00000000e0000000, 0x00000000e7300000, 0x0000000100000000)
  eden space 98304K, 100% used [0x00000000e0000000,0x00000000e6000000,0x00000000e6000000)
  from space 8704K, 73% used [0x00000000e6a80000,0x00000000e70b6a50,0x00000000e7300000)
  to   space 9728K, 0% used [0x00000000e6000000,0x00000000e6000000,0x00000000e6980000)
 ParOldGen       total 38912K, used 8748K [0x00000000a0000000, 0x00000000a2600000, 0x00000000e0000000)
  object space 38912K, 22% used [0x00000000a0000000,0x00000000a088b1b0,0x00000000a2600000)
 Metaspace       used 33883K, capacity 34622K, committed 34736K, reserved 1079296K
  class space    used 4574K, capacity 4782K, committed 4784K, reserved 1048576K
Event: 15.931 GC heap after
Heap after GC invocations=10 (full 1):
 PSYoungGen      total 108032K, used 9720K [0x00000000e0000000, 0x00000000e9100000, 0x0000000100000000)
  eden space 98304K, 0% used [0x00000000e0000000,0x00000000e0000000,0x00000000e6000000)
  from space 9728K, 99% used [0x00000000e6000000,0x00000000e697e0f8,0x00000000e6980000)
  to   space 11264K, 0% used [0x00000000e8600000,0x00000000e8600000,0x00000000e9100000)
 ParOldGen       total 38912K, used 9770K [0x00000000a0000000, 0x00000000a2600000, 0x00000000e0000000)
  object space 38912K, 25% used [0x00000000a0000000,0x00000000a098a9e8,0x00000000a2600000)
 Metaspace       used 33883K, capacity 34622K, committed 34736K, reserved 1079296K
  class space    used 4574K, capacity 4782K, committed 4784K, reserved 1048576K
}
Event: 16.137 GC heap before
{Heap before GC invocations=11 (full 1):
 PSYoungGen      total 108032K, used 17288K [0x00000000e0000000, 0x00000000e9100000, 0x0000000100000000)
  eden space 98304K, 7% used [0x00000000e0000000,0x00000000e0764238,0x00000000e6000000)
  from space 9728K, 99% used [0x00000000e6000000,0x00000000e697e0f8,0x00000000e6980000)
  to   space 11264K, 0% used [0x00000000e8600000,0x00000000e8600000,0x00000000e9100000)
 ParOldGen       total 38912K, used 9770K [0x00000000a0000000, 0x00000000a2600000, 0x00000000e0000000)
  object space 38912K, 25% used [0x00000000a0000000,0x00000000a098a9e8,0x00000000a2600000)
 Metaspace       used 34627K, capacity 35344K, committed 35496K, reserved 1079296K
  class space    used 4661K, capacity 4849K, committed 4912K, reserved 1048576K
Event: 16.162 GC heap after
Heap after GC invocations=11 (full 1):
 PSYoungGen      total 137216K, used 7004K [0x00000000e0000000, 0x00000000e9f00000, 0x0000000100000000)
  eden space 125952K, 0% used [0x00000000e0000000,0x00000000e0000000,0x00000000e7b00000)
  from space 11264K, 62% used [0x00000000e8600000,0x00000000e8cd7378,0x00000000e9100000)
  to   space 11264K, 0% used [0x00000000e7b00000,0x00000000e7b00000,0x00000000e8600000)
 ParOldGen       total 38912K, used 9778K [0x00000000a0000000, 0x00000000a2600000, 0x00000000e0000000)
  object space 38912K, 25% used [0x00000000a0000000,0x00000000a098c9e8,0x00000000a2600000)
 Metaspace       used 34627K, capacity 35344K, committed 35496K, reserved 1079296K
  class space    used 4661K, capacity 4849K, committed 4912K, reserved 1048576K
}
Event: 16.162 GC heap before
{Heap before GC invocations=12 (full 2):
 PSYoungGen      total 137216K, used 7004K [0x00000000e0000000, 0x00000000e9f00000, 0x0000000100000000)
  eden space 125952K, 0% used [0x00000000e0000000,0x00000000e0000000,0x00000000e7b00000)
  from space 11264K, 62% used [0x00000000e8600000,0x00000000e8cd7378,0x00000000e9100000)
  to   space 11264K, 0% used [0x00000000e7b00000,0x00000000e7b00000,0x00000000e8600000)
 ParOldGen       total 38912K, used 9778K [0x00000000a0000000, 0x00000000a2600000, 0x00000000e0000000)
  object space 38912K, 25% used [0x00000000a0000000,0x00000000a098c9e8,0x00000000a2600000)
 Metaspace       used 34627K, capacity 35344K, committed 35496K, reserved 1079296K
  class space    used 4661K, capacity 4849K, committed 4912K, reserved 1048576K
Event: 16.291 GC heap after
Heap after GC invocations=12 (full 2):
 PSYoungGen      total 137216K, used 0K [0x00000000e0000000, 0x00000000e9f00000, 0x0000000100000000)
  eden space 125952K, 0% used [0x00000000e0000000,0x00000000e0000000,0x00000000e7b00000)
  from space 11264K, 0% used [0x00000000e8600000,0x00000000e8600000,0x00000000e9100000)
  to   space 11264K, 0% used [0x00000000e7b00000,0x00000000e7b00000,0x00000000e8600000)
 ParOldGen       total 51200K, used 14677K [0x00000000a0000000, 0x00000000a3200000, 0x00000000e0000000)
  object space 51200K, 28% used [0x00000000a0000000,0x00000000a0e555a8,0x00000000a3200000)
 Metaspace       used 34627K, capacity 35344K, committed 35496K, reserved 1079296K
  class space    used 4661K, capacity 4849K, committed 4912K, reserved 1048576K
}

Deoptimization events (10 events):
Event: 16.443 Thread 0x0000000018a80800 Uncommon trap: reason=unstable_if action=reinterpret pc=0x00000000031b45a4 method=java.util.HashMap.putVal(ILjava/lang/Object;Ljava/lang/Object;ZZ)Ljava/lang/Object; @ 236
Event: 16.466 Thread 0x0000000018a80800 Uncommon trap: reason=class_check action=maybe_recompile pc=0x0000000002639380 method=java.util.Hashtable.put(Ljava/lang/Object;Ljava/lang/Object;)Ljava/lang/Object; @ 18
Event: 16.466 Thread 0x0000000018a80800 Uncommon trap: reason=class_check action=maybe_recompile pc=0x0000000002639380 method=java.util.Hashtable.put(Ljava/lang/Object;Ljava/lang/Object;)Ljava/lang/Object; @ 18
Event: 16.466 Thread 0x0000000018a80800 Uncommon trap: reason=class_check action=maybe_recompile pc=0x0000000002639380 method=java.util.Hashtable.put(Ljava/lang/Object;Ljava/lang/Object;)Ljava/lang/Object; @ 18
Event: 16.466 Thread 0x0000000018a80800 Uncommon trap: reason=class_check action=maybe_recompile pc=0x0000000002639380 method=java.util.Hashtable.put(Ljava/lang/Object;Ljava/lang/Object;)Ljava/lang/Object; @ 18
Event: 16.467 Thread 0x0000000018a80800 Uncommon trap: reason=class_check action=maybe_recompile pc=0x000000000283df58 method=java.util.Hashtable.addEntry(ILjava/lang/Object;Ljava/lang/Object;I)V @ 38
Event: 16.467 Thread 0x0000000018a80800 Uncommon trap: reason=unstable_if action=reinterpret pc=0x0000000002b4427c method=java.lang.CharacterDataLatin1.isWhitespace(I)Z @ 14
Event: 16.516 Thread 0x0000000018a80800 Uncommon trap: reason=unstable_if action=reinterpret pc=0x00000000031ec250 method=java.util.jar.JarFile.getInputStream(Ljava/util/zip/ZipEntry;)Ljava/io/InputStream; @ 37
Event: 16.519 Thread 0x0000000018a80800 Uncommon trap: reason=unstable_if action=reinterpret pc=0x0000000002c89a2c method=java.security.CodeSource.getCertificates()[Ljava/security/cert/Certificate; @ 22
Event: 16.553 Thread 0x0000000018a80800 Uncommon trap: reason=unstable_if action=reinterpret pc=0x0000000002fa80bc method=java.util.LinkedHashMap.get(Ljava/lang/Object;)Ljava/lang/Object; @ 20

Internal exceptions (10 events):
Event: 17.169 Thread 0x0000000018a80800 Exception <a 'java/lang/ClassNotFoundException': org/gradle/api/internal/artifacts/DefaultDependencySetBeanInfo> (0x00000000e2e439c8) thrown at [C:\src\android\AOSP-openjdk\external\jetbrains\jdk\hotspot\src\share\vm\classfile\systemDictionary.cpp, line 21÷ŸŠ]l+1@
Event: 17.170 Thread 0x0000000018a80800 Exception <a 'java/lang/ClassNotFoundException': org/gradle/api/internal/DelegatingDomainObjectSetBeanInfo> (0x00000000e2e6aa90) thrown at [C:\src\android\AOSP-openjdk\external\jetbrains\jdk\hotspot\src\share\vm\classfile\systemDictionary.cpp, line 210]
Event: 17.171 Thread 0x0000000018a80800 Exception <a 'java/lang/ClassNotFoundException': org/gradle/api/internal/DelegatingDomainObjectSetCustomizer> (0x00000000e2e93450) thrown at [C:\src\android\AOSP-openjdk\external\jetbrains\jdk\hotspot\src\share\vm\classfile\systemDictionary.cpp, line 210]
Event: 17.175 Thread 0x0000000018a80800 Exception <a 'java/lang/ClassNotFoundException': org/gradle/api/internal/artifacts/DefaultDependencySetCustomizer> (0x00000000e2edf098) thrown at [C:\src\android\AOSP-openjdk\external\jetbrains\jdk\hotspot\src\share\vm\classfile\systemDictionary.cpp, line Ï'‡Ç6.1@
Event: 17.181 Thread 0x0000000018a80800 Exception <a 'java/lang/ClassNotFoundException': java/lang/StringBeanInfo> (0x00000000e2f13b80) thrown at [C:\src\android\AOSP-openjdk\external\jetbrains\jdk\hotspot\src\share\vm\classfile\systemDictionary.cpp, line 210]
Event: 17.181 Thread 0x0000000018a80800 Exception <a 'java/lang/ClassNotFoundException': java/lang/StringCustomizer> (0x00000000e2f1a3e0) thrown at [C:\src\android\AOSP-openjdk\external\jetbrains\jdk\hotspot\src\share\vm\classfile\systemDictionary.cpp, line 210]
Event: 17.191 Thread 0x0000000018a80800 Exception <a 'java/lang/ClassNotFoundException': org/gradle/api/internal/artifacts/dependencies/DefaultSelfResolvingDependency_DecoratedBeanInfo> (0x00000000e2f9c690) thrown at [C:\src\android\AOSP-openjdk\external\jetbrains\jdk\hotspot\src\share\vm\classf@VÔ±11@
Event: 17.194 Thread 0x0000000018a80800 Exception <a 'java/lang/ClassNotFoundException': org/gradle/api/internal/artifacts/dependencies/DefaultSelfResolvingDependencyBeanInfo> (0x00000000e2fcfd60) thrown at [C:\src\android\AOSP-openjdk\external\jetbrains\jdk\hotspot\src\share\vm\classfile\system¤Ö€ÿ11@
Event: 17.195 Thread 0x0000000018a80800 Exception <a 'java/lang/ClassNotFoundException': org/gradle/api/internal/artifacts/dependencies/DefaultSelfResolvingDependencyCustomizer> (0x00000000e3003b40) thrown at [C:\src\android\AOSP-openjdk\external\jetbrains\jdk\hotspot\src\share\vm\classfile\systt«æé”21@
Event: 17.198 Thread 0x0000000018a80800 Exception <a 'java/lang/ClassNotFoundException': org/gradle/api/internal/artifacts/dependencies/DefaultSelfResolvingDependency_DecoratedCustomizer> (0x00000000e3047d68) thrown at [C:\src\android\AOSP-openjdk\external\jetbrains\jdk\hotspot\src\share\vm\clas‰xB$+1@

Events (10 events):
Event: 17.198 loading class org/gradle/api/internal/artifacts/dependencies/DefaultSelfResolvingDependency_DecoratedCustomizer
Event: 17.198 loading class org/gradle/api/internal/artifacts/dependencies/DefaultSelfResolvingDependency_DecoratedCustomizer done
Event: 17.199 loading class org/codehaus/groovy/runtime/ArrayUtil
Event: 17.199 loading class org/codehaus/groovy/runtime/ArrayUtil done
Event: 17.221 loading class org/codehaus/groovy/runtime/dgm$574
Event: 17.221 loading class org/codehaus/groovy/runtime/dgm$574 done
Event: 17.225 loading class org/codehaus/groovy/runtime/dgm$1141
Event: 17.225 loading class org/codehaus/groovy/runtime/dgm$1141 done
Event: 17.227 loading class org/codehaus/groovy/runtime/dgm$270
Event: 17.227 loading class org/codehaus/groovy/runtime/dgm$270 done


Dynamic libraries:
0x00007ff6990e0000 - 0x00007ff699111000 	C:\Program Files\Android\Android Studio\jre\bin\java.exe
0x00007ffd0eda0000 - 0x00007ffd0ef4c000 	C:\WINDOWS\SYSTEM32\ntdll.dll
0x00007ffd0e300000 - 0x00007ffd0e43e000 	C:\WINDOWS\system32\KERNEL32.DLL
0x00007ffd0c070000 - 0x00007ffd0c185000 	C:\WINDOWS\system32\KERNELBASE.dll
0x00007ffd0e250000 - 0x00007ffd0e2fa000 	C:\WINDOWS\system32\ADVAPI32.dll
0x00007ffd0e0b0000 - 0x00007ffd0e227000 	C:\WINDOWS\system32\USER32.dll
0x00007ffd09a40000 - 0x00007ffd09cbb000 	C:\WINDOWS\WinSxS\amd64_microsoft.windows.common-controls_6595b64144ccf1df_6.0.9600.17415_none_6240486fecbd8abb\COMCTL32.dll
0x00007ffd0eac0000 - 0x00007ffd0eb6a000 	C:\WINDOWS\system32\msvcrt.dll
0x00007ffd0eb90000 - 0x00007ffd0ebe9000 	C:\WINDOWS\SYSTEM32\sechost.dll
0x00007ffd0e450000 - 0x00007ffd0e591000 	C:\WINDOWS\system32\RPCRT4.dll
0x00007ffd0e5a0000 - 0x00007ffd0e6f1000 	C:\WINDOWS\system32\GDI32.dll
0x00007ffd0c5b0000 - 0x00007ffd0c5e6000 	C:\WINDOWS\system32\IMM32.DLL
0x00007ffd0e700000 - 0x00007ffd0e853000 	C:\WINDOWS\system32\MSCTF.dll
0x0000000074240000 - 0x0000000074312000 	C:\Program Files\Android\Android Studio\jre\jre\bin\msvcr100.dll
0x0000000074400000 - 0x0000000074c34000 	C:\Program Files\Android\Android Studio\jre\jre\bin\server\jvm.dll
0x00007ffd030d0000 - 0x00007ffd030d9000 	C:\WINDOWS\SYSTEM32\WSOCK32.dll
0x00007ffcf26a0000 - 0x00007ffcf26c2000 	C:\WINDOWS\SYSTEM32\WINMM.dll
0x00007ffd04a20000 - 0x00007ffd04a2a000 	C:\WINDOWS\SYSTEM32\VERSION.dll
0x00007ffd0e230000 - 0x00007ffd0e237000 	C:\WINDOWS\system32\PSAPI.DLL
0x00007ffd0c550000 - 0x00007ffd0c5aa000 	C:\WINDOWS\system32\WS2_32.dll
0x00007ffcf2660000 - 0x00007ffcf268a000 	C:\WINDOWS\SYSTEM32\WINMMBASE.dll
0x00007ffd0e0a0000 - 0x00007ffd0e0a9000 	C:\WINDOWS\system32\NSI.dll
0x00007ffd0c190000 - 0x00007ffd0c1df000 	C:\WINDOWS\SYSTEM32\cfgmgr32.dll
0x00007ffd0ace0000 - 0x00007ffd0ad08000 	C:\WINDOWS\SYSTEM32\DEVOBJ.dll
0x00007ffd093a0000 - 0x00007ffd093af000 	C:\Program Files\Android\Android Studio\jre\jre\bin\verify.dll
0x00007ffd09370000 - 0x00007ffd09399000 	C:\Program Files\Android\Android Studio\jre\jre\bin\java.dll
0x00007ffd07520000 - 0x00007ffd07536000 	C:\Program Files\Android\Android Studio\jre\jre\bin\zip.dll
0x00007ffd0cb80000 - 0x00007ffd0e099000 	C:\WINDOWS\system32\SHELL32.dll
0x00007ffd0c6b0000 - 0x00007ffd0c8c1000 	C:\WINDOWS\SYSTEM32\combase.dll
0x00007ffd0ea60000 - 0x00007ffd0eab4000 	C:\WINDOWS\system32\SHLWAPI.dll
0x00007ffd09f40000 - 0x00007ffd09ff2000 	C:\WINDOWS\SYSTEM32\SHCORE.dll
0x00007ffd0bef0000 - 0x00007ffd0bf05000 	C:\WINDOWS\SYSTEM32\profapi.dll
0x00007ffd07120000 - 0x00007ffd0713a000 	C:\Program Files\Android\Android Studio\jre\jre\bin\net.dll
0x00007ffd0b810000 - 0x00007ffd0b869000 	C:\WINDOWS\system32\mswsock.dll
0x00007ffd070a0000 - 0x00007ffd070b1000 	C:\Program Files\Android\Android Studio\jre\jre\bin\nio.dll
0x00007ffd04e10000 - 0x00007ffd04e22000 	C:\Users\Shoaib Anwar\.gradle\native\19\windows-amd64\native-platform.dll
0x00007ffd0b920000 - 0x00007ffd0b940000 	C:\WINDOWS\SYSTEM32\CRYPTSP.dll
0x00007ffd0b3c0000 - 0x00007ffd0b3f6000 	C:\WINDOWS\system32\rsaenh.dll
0x00007ffd0ba10000 - 0x00007ffd0ba36000 	C:\WINDOWS\SYSTEM32\bcrypt.dll
0x00007ffd0b870000 - 0x00007ffd0b891000 	C:\WINDOWS\SYSTEM32\USERENV.dll
0x00007ffd0bd50000 - 0x00007ffd0bdb3000 	C:\WINDOWS\system32\bcryptprimitives.dll
0x00007ffd0bdc0000 - 0x00007ffd0bdcb000 	C:\WINDOWS\SYSTEM32\CRYPTBASE.dll
0x00007ffd067f0000 - 0x00007ffd0681a000 	C:\WINDOWS\SYSTEM32\IPHLPAPI.DLL
0x00007ffd067d0000 - 0x00007ffd067da000 	C:\WINDOWS\SYSTEM32\WINNSI.DLL
0x00007ffd06020000 - 0x00007ffd06036000 	C:\WINDOWS\SYSTEM32\dhcpcsvc6.DLL
0x00007ffd06170000 - 0x00007ffd0618a000 	C:\WINDOWS\SYSTEM32\dhcpcsvc.DLL
0x00007ffd07600000 - 0x00007ffd0760d000 	C:\Program Files\Android\Android Studio\jre\jre\bin\management.dll

VM Arguments:
jvm_args: -Xmx1536m -Dfile.encoding=windows-1252 -Duser.country=GB -Duser.language=en -Duser.variant 
java_command: org.gradle.launcher.daemon.bootstrap.GradleDaemon 2.14.1
java_class_path (initial): C:\Program Files\Android\Android Studio\gradle\gradle-2.14.1\lib\gradle-launcher-2.14.1.jar
Launcher Type: SUN_STANDARD

Environment Variables:
PATH=C:\ProgramData\Oracle\Java\javapath;C:\Program Files (x86)\Intel\iCLS Client\;C:\Program Files\Intel\iCLS Client\;C:\WINDOWS\system32;C:\WINDOWS;C:\WINDOWS\System32\Wbem;C:\WINDOWS\System32\WindowsPowerShell\v1.0\;C:\Program Files\Intel\Intel(R) Management Engine Components\DAL;C:\Program Files (x86)\Intel\Intel(R) Management Engine Components\DAL;C:\Program Files\Intel\Intel(R) Management Engine Components\IPT;C:\Program Files (x86)\Intel\Intel(R) Management Engine Components\IPT;C:\Program Files (x86)\Skype\Phone\;E:\node-v6\;C:\Users\Shoaib Anwar\AppData\Roaming\npm
USERNAME=Shoaib Anwar
OS=Windows_NT
PROCESSOR_IDENTIFIER=Intel64 Family 6 Model 61 Stepping 4, GenuineIntel



---------------  S Y S T E M  ---------------

OS: Windows 8.1 , 64 bit Build 9600 (6.3.9600.17415)

CPU:total 4 (2 cores per cpu, 2 threads per core) family 6 model 61 stepping 4, cmov, cx8, fxsr, mmx, sse, sse2, sse3, ssse3, sse4.1, sse4.2, popcnt, avx, avx2, aes, clmul, erms, 3dnowpref, lzcnt, ht, tsc, tscinvbit, bmi1, bmi2, adx

Memory: 4k page, physical 4107804k(309660k free), swap 6729564k(4156k free)

vm_info: OpenJDK 64-Bit Server VM (25.76-b03) for windows-amd64 JRE (1.8.0_76-release-b03), built on Jun 29 2016 19:09:20 by "ralucas" with MS VC++ 10.0 (VS2010)

time: Fri Apr 07 10:04:58 2017
elapsed time: 17 seconds (0d 0h 0m 17s)

